[2026-03-19T14:47:59.000+0000] {taskinstance.py:1979} INFO - Dependencies all met for dep_context=non-requeueable deps ti=<TaskInstance: nyc_taxi_pipeline.load_taxi_model scheduled__2026-03-18T00:00:00+00:00 [queued]>
[2026-03-19T14:47:59.006+0000] {taskinstance.py:1979} INFO - Dependencies all met for dep_context=requeueable deps ti=<TaskInstance: nyc_taxi_pipeline.load_taxi_model scheduled__2026-03-18T00:00:00+00:00 [queued]>
[2026-03-19T14:47:59.007+0000] {taskinstance.py:2193} INFO - Starting attempt 1 of 2
[2026-03-19T14:47:59.016+0000] {taskinstance.py:2214} INFO - Executing <Task(PythonOperator): load_taxi_model> on 2026-03-18 00:00:00+00:00
[2026-03-19T14:47:59.020+0000] {standard_task_runner.py:60} INFO - Started process 810 to run task
[2026-03-19T14:47:59.022+0000] {standard_task_runner.py:87} INFO - Running: ['***', 'tasks', 'run', 'nyc_taxi_pipeline', 'load_taxi_model', 'scheduled__2026-03-18T00:00:00+00:00', '--job-id', '18', '--raw', '--subdir', 'DAGS_FOLDER/nyc_taxi_pipeline.py', '--cfg-path', '/tmp/tmpgxqd2b5c']
[2026-03-19T14:47:59.024+0000] {standard_task_runner.py:88} INFO - Job 18: Subtask load_taxi_model
[2026-03-19T14:47:59.065+0000] {task_command.py:423} INFO - Running <TaskInstance: nyc_taxi_pipeline.load_taxi_model scheduled__2026-03-18T00:00:00+00:00 [running]> on host db190ac810d3
[2026-03-19T14:47:59.118+0000] {taskinstance.py:2510} INFO - Exporting env vars: AIRFLOW_CTX_DAG_OWNER='data_engineer' AIRFLOW_CTX_DAG_ID='nyc_taxi_pipeline' AIRFLOW_CTX_TASK_ID='load_taxi_model' AIRFLOW_CTX_EXECUTION_DATE='2026-03-18T00:00:00+00:00' AIRFLOW_CTX_TRY_NUMBER='1' AIRFLOW_CTX_DAG_RUN_ID='scheduled__2026-03-18T00:00:00+00:00'
[2026-03-19T14:47:59.148+0000] {nyc_taxi_pipeline.py:122} ERROR - ไม่สามารถเชื่อมต่อ Database ได้ (ถ้ายังไม่ตั้งค่าให้ข้ามไปก่อน): 'Variable MYSQL_USER does not exist'
[2026-03-19T14:47:59.148+0000] {python.py:202} INFO - Done. Returned value was: None
[2026-03-19T14:47:59.155+0000] {taskinstance.py:1149} INFO - Marking task as SUCCESS. dag_id=nyc_taxi_pipeline, task_id=load_taxi_model, execution_date=20260318T000000, start_date=20260319T144759, end_date=20260319T144759
[2026-03-19T14:47:59.195+0000] {local_task_job_runner.py:234} INFO - Task exited with return code 0
[2026-03-19T14:47:59.209+0000] {taskinstance.py:3309} INFO - 0 downstream tasks scheduled from follow-on schedule check
[2026-03-19T14:59:09.578+0000] {taskinstance.py:1979} INFO - Dependencies all met for dep_context=non-requeueable deps ti=<TaskInstance: nyc_taxi_pipeline.load_taxi_model scheduled__2026-03-18T00:00:00+00:00 [queued]>
[2026-03-19T14:59:09.587+0000] {taskinstance.py:1979} INFO - Dependencies all met for dep_context=requeueable deps ti=<TaskInstance: nyc_taxi_pipeline.load_taxi_model scheduled__2026-03-18T00:00:00+00:00 [queued]>
[2026-03-19T14:59:09.588+0000] {taskinstance.py:2193} INFO - Starting attempt 1 of 2
[2026-03-19T14:59:09.598+0000] {taskinstance.py:2214} INFO - Executing <Task(PythonOperator): load_taxi_model> on 2026-03-18 00:00:00+00:00
[2026-03-19T14:59:09.602+0000] {standard_task_runner.py:60} INFO - Started process 192 to run task
[2026-03-19T14:59:09.605+0000] {standard_task_runner.py:87} INFO - Running: ['***', 'tasks', 'run', 'nyc_taxi_pipeline', 'load_taxi_model', 'scheduled__2026-03-18T00:00:00+00:00', '--job-id', '35', '--raw', '--subdir', 'DAGS_FOLDER/nyc_taxi_pipeline.py', '--cfg-path', '/tmp/tmpsnstij_b']
[2026-03-19T14:59:09.607+0000] {standard_task_runner.py:88} INFO - Job 35: Subtask load_taxi_model
[2026-03-19T14:59:09.648+0000] {task_command.py:423} INFO - Running <TaskInstance: nyc_taxi_pipeline.load_taxi_model scheduled__2026-03-18T00:00:00+00:00 [running]> on host ec978ee3c484
[2026-03-19T14:59:09.699+0000] {taskinstance.py:2510} INFO - Exporting env vars: AIRFLOW_CTX_DAG_OWNER='data_engineer' AIRFLOW_CTX_DAG_ID='nyc_taxi_pipeline' AIRFLOW_CTX_TASK_ID='load_taxi_model' AIRFLOW_CTX_EXECUTION_DATE='2026-03-18T00:00:00+00:00' AIRFLOW_CTX_TRY_NUMBER='1' AIRFLOW_CTX_DAG_RUN_ID='scheduled__2026-03-18T00:00:00+00:00'
[2026-03-19T14:59:09.726+0000] {nyc_taxi_pipeline.py:122} ERROR - ไม่สามารถเชื่อมต่อ Database ได้ (ถ้ายังไม่ตั้งค่าให้ข้ามไปก่อน): 'Variable MYSQL_USER does not exist'
[2026-03-19T14:59:09.727+0000] {python.py:202} INFO - Done. Returned value was: None
[2026-03-19T14:59:09.733+0000] {taskinstance.py:1149} INFO - Marking task as SUCCESS. dag_id=nyc_taxi_pipeline, task_id=load_taxi_model, execution_date=20260318T000000, start_date=20260319T145909, end_date=20260319T145909
[2026-03-19T14:59:09.778+0000] {local_task_job_runner.py:234} INFO - Task exited with return code 0
[2026-03-19T14:59:09.789+0000] {taskinstance.py:3309} INFO - 0 downstream tasks scheduled from follow-on schedule check
