[2026-03-19T14:05:16.112+0000] {taskinstance.py:1979} INFO - Dependencies all met for dep_context=non-requeueable deps ti=<TaskInstance: nyc_taxi_pipeline.ingest_taxi_data scheduled__2026-03-18T00:00:00+00:00 [queued]>
[2026-03-19T14:05:16.118+0000] {taskinstance.py:1979} INFO - Dependencies all met for dep_context=requeueable deps ti=<TaskInstance: nyc_taxi_pipeline.ingest_taxi_data scheduled__2026-03-18T00:00:00+00:00 [queued]>
[2026-03-19T14:05:16.119+0000] {taskinstance.py:2193} INFO - Starting attempt 1 of 2
[2026-03-19T14:05:16.129+0000] {taskinstance.py:2214} INFO - Executing <Task(PythonOperator): ingest_taxi_data> on 2026-03-18 00:00:00+00:00
[2026-03-19T14:05:16.133+0000] {standard_task_runner.py:60} INFO - Started process 234 to run task
[2026-03-19T14:05:16.136+0000] {standard_task_runner.py:87} INFO - Running: ['***', 'tasks', 'run', 'nyc_taxi_pipeline', 'ingest_taxi_data', 'scheduled__2026-03-18T00:00:00+00:00', '--job-id', '3', '--raw', '--subdir', 'DAGS_FOLDER/nyc_taxi_pipeline.py', '--cfg-path', '/tmp/tmpsu83aa53']
[2026-03-19T14:05:16.139+0000] {standard_task_runner.py:88} INFO - Job 3: Subtask ingest_taxi_data
[2026-03-19T14:05:16.183+0000] {task_command.py:423} INFO - Running <TaskInstance: nyc_taxi_pipeline.ingest_taxi_data scheduled__2026-03-18T00:00:00+00:00 [running]> on host db190ac810d3
[2026-03-19T14:05:16.243+0000] {taskinstance.py:2510} INFO - Exporting env vars: AIRFLOW_CTX_DAG_OWNER='data_engineer' AIRFLOW_CTX_DAG_ID='nyc_taxi_pipeline' AIRFLOW_CTX_TASK_ID='ingest_taxi_data' AIRFLOW_CTX_EXECUTION_DATE='2026-03-18T00:00:00+00:00' AIRFLOW_CTX_TRY_NUMBER='1' AIRFLOW_CTX_DAG_RUN_ID='scheduled__2026-03-18T00:00:00+00:00'
[2026-03-19T14:05:16.244+0000] {nyc_taxi_pipeline.py:38} INFO - กำลังดาวน์โหลดข้อมูล (ครั้งที่ 1)...
[2026-03-19T14:05:18.761+0000] {nyc_taxi_pipeline.py:38} INFO - กำลังดาวน์โหลดข้อมูล (ครั้งที่ 2)...
[2026-03-19T14:05:19.851+0000] {nyc_taxi_pipeline.py:38} INFO - กำลังดาวน์โหลดข้อมูล (ครั้งที่ 3)...
[2026-03-19T14:05:20.918+0000] {taskinstance.py:2728} ERROR - Task failed with exception
Traceback (most recent call last):
  File "/opt/airflow/dags/nyc_taxi_pipeline.py", line 40, in ingest_taxi_data
    r.raise_for_status()
  File "/home/airflow/.local/lib/python3.8/site-packages/requests/models.py", line 1021, in raise_for_status
    raise HTTPError(http_error_msg, response=self)
requests.exceptions.HTTPError: 404 Client Error: Not Found for url: https://data.cityofnewyork.us/api/views/4c9m-wp7t/rows.csv

During handling of the above exception, another exception occurred:

Traceback (most recent call last):
  File "/home/airflow/.local/lib/python3.8/site-packages/airflow/models/taskinstance.py", line 444, in _execute_task
    result = _execute_callable(context=context, **execute_callable_kwargs)
  File "/home/airflow/.local/lib/python3.8/site-packages/airflow/models/taskinstance.py", line 414, in _execute_callable
    return execute_callable(context=context, **execute_callable_kwargs)
  File "/home/airflow/.local/lib/python3.8/site-packages/airflow/operators/python.py", line 200, in execute
    return_value = self.execute_callable()
  File "/home/airflow/.local/lib/python3.8/site-packages/airflow/operators/python.py", line 217, in execute_callable
    return self.python_callable(*self.op_args, **self.op_kwargs)
  File "/opt/airflow/dags/nyc_taxi_pipeline.py", line 47, in ingest_taxi_data
    raise AirflowException(f"ดาวน์โหลดล้มเหลว: {e}")
airflow.exceptions.AirflowException: ดาวน์โหลดล้มเหลว: 404 Client Error: Not Found for url: https://data.cityofnewyork.us/api/views/4c9m-wp7t/rows.csv
[2026-03-19T14:05:20.925+0000] {taskinstance.py:1149} INFO - Marking task as UP_FOR_RETRY. dag_id=nyc_taxi_pipeline, task_id=ingest_taxi_data, execution_date=20260318T000000, start_date=20260319T140516, end_date=20260319T140520
[2026-03-19T14:05:20.934+0000] {standard_task_runner.py:107} ERROR - Failed to execute job 3 for task ingest_taxi_data (ดาวน์โหลดล้มเหลว: 404 Client Error: Not Found for url: https://data.cityofnewyork.us/api/views/4c9m-wp7t/rows.csv; 234)
[2026-03-19T14:05:20.971+0000] {local_task_job_runner.py:234} INFO - Task exited with return code 1
[2026-03-19T14:05:20.985+0000] {taskinstance.py:3309} INFO - 0 downstream tasks scheduled from follow-on schedule check
[2026-03-19T14:47:55.264+0000] {taskinstance.py:1979} INFO - Dependencies all met for dep_context=non-requeueable deps ti=<TaskInstance: nyc_taxi_pipeline.ingest_taxi_data scheduled__2026-03-18T00:00:00+00:00 [queued]>
[2026-03-19T14:47:55.272+0000] {taskinstance.py:1979} INFO - Dependencies all met for dep_context=requeueable deps ti=<TaskInstance: nyc_taxi_pipeline.ingest_taxi_data scheduled__2026-03-18T00:00:00+00:00 [queued]>
[2026-03-19T14:47:55.273+0000] {taskinstance.py:2193} INFO - Starting attempt 1 of 2
[2026-03-19T14:47:55.285+0000] {taskinstance.py:2214} INFO - Executing <Task(PythonOperator): ingest_taxi_data> on 2026-03-18 00:00:00+00:00
[2026-03-19T14:47:55.290+0000] {standard_task_runner.py:60} INFO - Started process 792 to run task
[2026-03-19T14:47:55.292+0000] {standard_task_runner.py:87} INFO - Running: ['***', 'tasks', 'run', 'nyc_taxi_pipeline', 'ingest_taxi_data', 'scheduled__2026-03-18T00:00:00+00:00', '--job-id', '12', '--raw', '--subdir', 'DAGS_FOLDER/nyc_taxi_pipeline.py', '--cfg-path', '/tmp/tmpzicws7w1']
[2026-03-19T14:47:55.295+0000] {standard_task_runner.py:88} INFO - Job 12: Subtask ingest_taxi_data
[2026-03-19T14:47:55.339+0000] {task_command.py:423} INFO - Running <TaskInstance: nyc_taxi_pipeline.ingest_taxi_data scheduled__2026-03-18T00:00:00+00:00 [running]> on host db190ac810d3
[2026-03-19T14:47:55.393+0000] {taskinstance.py:2510} INFO - Exporting env vars: AIRFLOW_CTX_DAG_OWNER='data_engineer' AIRFLOW_CTX_DAG_ID='nyc_taxi_pipeline' AIRFLOW_CTX_TASK_ID='ingest_taxi_data' AIRFLOW_CTX_EXECUTION_DATE='2026-03-18T00:00:00+00:00' AIRFLOW_CTX_TRY_NUMBER='1' AIRFLOW_CTX_DAG_RUN_ID='scheduled__2026-03-18T00:00:00+00:00'
[2026-03-19T14:47:55.394+0000] {nyc_taxi_pipeline.py:38} INFO - กำลังดาวน์โหลดข้อมูล (ครั้งที่ 1)...
[2026-03-19T14:47:56.344+0000] {python.py:202} INFO - Done. Returned value was: /tmp/nyc_taxi_raw.csv
[2026-03-19T14:47:56.356+0000] {taskinstance.py:1149} INFO - Marking task as SUCCESS. dag_id=nyc_taxi_pipeline, task_id=ingest_taxi_data, execution_date=20260318T000000, start_date=20260319T144755, end_date=20260319T144756
[2026-03-19T14:47:56.390+0000] {local_task_job_runner.py:234} INFO - Task exited with return code 0
[2026-03-19T14:47:56.407+0000] {taskinstance.py:3309} INFO - 1 downstream tasks scheduled from follow-on schedule check
[2026-03-19T14:59:06.685+0000] {taskinstance.py:1979} INFO - Dependencies all met for dep_context=non-requeueable deps ti=<TaskInstance: nyc_taxi_pipeline.ingest_taxi_data scheduled__2026-03-18T00:00:00+00:00 [queued]>
[2026-03-19T14:59:06.691+0000] {taskinstance.py:1979} INFO - Dependencies all met for dep_context=requeueable deps ti=<TaskInstance: nyc_taxi_pipeline.ingest_taxi_data scheduled__2026-03-18T00:00:00+00:00 [queued]>
[2026-03-19T14:59:06.692+0000] {taskinstance.py:2193} INFO - Starting attempt 1 of 2
[2026-03-19T14:59:06.702+0000] {taskinstance.py:2214} INFO - Executing <Task(PythonOperator): ingest_taxi_data> on 2026-03-18 00:00:00+00:00
[2026-03-19T14:59:06.705+0000] {standard_task_runner.py:60} INFO - Started process 183 to run task
[2026-03-19T14:59:06.708+0000] {standard_task_runner.py:87} INFO - Running: ['***', 'tasks', 'run', 'nyc_taxi_pipeline', 'ingest_taxi_data', 'scheduled__2026-03-18T00:00:00+00:00', '--job-id', '32', '--raw', '--subdir', 'DAGS_FOLDER/nyc_taxi_pipeline.py', '--cfg-path', '/tmp/tmp8nljy4nv']
[2026-03-19T14:59:06.710+0000] {standard_task_runner.py:88} INFO - Job 32: Subtask ingest_taxi_data
[2026-03-19T14:59:06.750+0000] {task_command.py:423} INFO - Running <TaskInstance: nyc_taxi_pipeline.ingest_taxi_data scheduled__2026-03-18T00:00:00+00:00 [running]> on host ec978ee3c484
[2026-03-19T14:59:06.802+0000] {taskinstance.py:2510} INFO - Exporting env vars: AIRFLOW_CTX_DAG_OWNER='data_engineer' AIRFLOW_CTX_DAG_ID='nyc_taxi_pipeline' AIRFLOW_CTX_TASK_ID='ingest_taxi_data' AIRFLOW_CTX_EXECUTION_DATE='2026-03-18T00:00:00+00:00' AIRFLOW_CTX_TRY_NUMBER='1' AIRFLOW_CTX_DAG_RUN_ID='scheduled__2026-03-18T00:00:00+00:00'
[2026-03-19T14:59:06.804+0000] {nyc_taxi_pipeline.py:38} INFO - กำลังดาวน์โหลดข้อมูล (ครั้งที่ 1)...
[2026-03-19T14:59:07.261+0000] {python.py:202} INFO - Done. Returned value was: /tmp/nyc_taxi_raw.csv
[2026-03-19T14:59:07.276+0000] {taskinstance.py:1149} INFO - Marking task as SUCCESS. dag_id=nyc_taxi_pipeline, task_id=ingest_taxi_data, execution_date=20260318T000000, start_date=20260319T145906, end_date=20260319T145907
[2026-03-19T14:59:07.322+0000] {local_task_job_runner.py:234} INFO - Task exited with return code 0
[2026-03-19T14:59:07.340+0000] {taskinstance.py:3309} INFO - 1 downstream tasks scheduled from follow-on schedule check
