[2026-03-19T14:13:01.995+0000] {taskinstance.py:1979} INFO - Dependencies all met for dep_context=non-requeueable deps ti=<TaskInstance: nyc_taxi_pipeline.ingest_taxi_data scheduled__2026-03-18T00:00:00+00:00 [queued]>
[2026-03-19T14:13:02.000+0000] {taskinstance.py:1979} INFO - Dependencies all met for dep_context=requeueable deps ti=<TaskInstance: nyc_taxi_pipeline.ingest_taxi_data scheduled__2026-03-18T00:00:00+00:00 [queued]>
[2026-03-19T14:13:02.000+0000] {taskinstance.py:2193} INFO - Starting attempt 3 of 3
[2026-03-19T14:13:02.010+0000] {taskinstance.py:2214} INFO - Executing <Task(PythonOperator): ingest_taxi_data> on 2026-03-18 00:00:00+00:00
[2026-03-19T14:13:02.014+0000] {standard_task_runner.py:60} INFO - Started process 333 to run task
[2026-03-19T14:13:02.017+0000] {standard_task_runner.py:87} INFO - Running: ['***', 'tasks', 'run', 'nyc_taxi_pipeline', 'ingest_taxi_data', 'scheduled__2026-03-18T00:00:00+00:00', '--job-id', '7', '--raw', '--subdir', 'DAGS_FOLDER/nyc_taxi_pipeline.py', '--cfg-path', '/tmp/tmp5m87t0hy']
[2026-03-19T14:13:02.019+0000] {standard_task_runner.py:88} INFO - Job 7: Subtask ingest_taxi_data
[2026-03-19T14:13:02.059+0000] {task_command.py:423} INFO - Running <TaskInstance: nyc_taxi_pipeline.ingest_taxi_data scheduled__2026-03-18T00:00:00+00:00 [running]> on host db190ac810d3
[2026-03-19T14:13:02.112+0000] {taskinstance.py:2510} INFO - Exporting env vars: AIRFLOW_CTX_DAG_OWNER='data_engineer' AIRFLOW_CTX_DAG_ID='nyc_taxi_pipeline' AIRFLOW_CTX_TASK_ID='ingest_taxi_data' AIRFLOW_CTX_EXECUTION_DATE='2026-03-18T00:00:00+00:00' AIRFLOW_CTX_TRY_NUMBER='3' AIRFLOW_CTX_DAG_RUN_ID='scheduled__2026-03-18T00:00:00+00:00'
[2026-03-19T14:13:02.113+0000] {nyc_taxi_pipeline.py:38} INFO - กำลังดาวน์โหลดข้อมูล (ครั้งที่ 1)...
[2026-03-19T14:13:04.269+0000] {nyc_taxi_pipeline.py:38} INFO - กำลังดาวน์โหลดข้อมูล (ครั้งที่ 2)...
[2026-03-19T14:13:05.308+0000] {nyc_taxi_pipeline.py:38} INFO - กำลังดาวน์โหลดข้อมูล (ครั้งที่ 3)...
[2026-03-19T14:13:06.389+0000] {taskinstance.py:2728} ERROR - Task failed with exception
Traceback (most recent call last):
  File "/opt/airflow/dags/nyc_taxi_pipeline.py", line 40, in ingest_taxi_data
    r.raise_for_status()
  File "/home/airflow/.local/lib/python3.8/site-packages/requests/models.py", line 1021, in raise_for_status
    raise HTTPError(http_error_msg, response=self)
requests.exceptions.HTTPError: 404 Client Error: Not Found for url: https://data.cityofnewyork.us/api/views/4c9m-wp7t/rows.csv

During handling of the above exception, another exception occurred:

Traceback (most recent call last):
  File "/home/airflow/.local/lib/python3.8/site-packages/airflow/models/taskinstance.py", line 444, in _execute_task
    result = _execute_callable(context=context, **execute_callable_kwargs)
  File "/home/airflow/.local/lib/python3.8/site-packages/airflow/models/taskinstance.py", line 414, in _execute_callable
    return execute_callable(context=context, **execute_callable_kwargs)
  File "/home/airflow/.local/lib/python3.8/site-packages/airflow/operators/python.py", line 200, in execute
    return_value = self.execute_callable()
  File "/home/airflow/.local/lib/python3.8/site-packages/airflow/operators/python.py", line 217, in execute_callable
    return self.python_callable(*self.op_args, **self.op_kwargs)
  File "/opt/airflow/dags/nyc_taxi_pipeline.py", line 47, in ingest_taxi_data
    raise AirflowException(f"ดาวน์โหลดล้มเหลว: {e}")
airflow.exceptions.AirflowException: ดาวน์โหลดล้มเหลว: 404 Client Error: Not Found for url: https://data.cityofnewyork.us/api/views/4c9m-wp7t/rows.csv
[2026-03-19T14:13:06.411+0000] {taskinstance.py:1149} INFO - Marking task as FAILED. dag_id=nyc_taxi_pipeline, task_id=ingest_taxi_data, execution_date=20260318T000000, start_date=20260319T141301, end_date=20260319T141306
[2026-03-19T14:13:06.420+0000] {standard_task_runner.py:107} ERROR - Failed to execute job 7 for task ingest_taxi_data (ดาวน์โหลดล้มเหลว: 404 Client Error: Not Found for url: https://data.cityofnewyork.us/api/views/4c9m-wp7t/rows.csv; 333)
[2026-03-19T14:13:06.458+0000] {local_task_job_runner.py:234} INFO - Task exited with return code 1
[2026-03-19T14:13:06.472+0000] {taskinstance.py:3309} INFO - 0 downstream tasks scheduled from follow-on schedule check
[2026-03-19T15:28:50.946+0000] {taskinstance.py:1979} INFO - Dependencies all met for dep_context=non-requeueable deps ti=<TaskInstance: nyc_taxi_pipeline.ingest_taxi_data scheduled__2026-03-18T00:00:00+00:00 [queued]>
[2026-03-19T15:28:50.952+0000] {taskinstance.py:1979} INFO - Dependencies all met for dep_context=requeueable deps ti=<TaskInstance: nyc_taxi_pipeline.ingest_taxi_data scheduled__2026-03-18T00:00:00+00:00 [queued]>
[2026-03-19T15:28:50.953+0000] {taskinstance.py:2193} INFO - Starting attempt 3 of 4
[2026-03-19T15:28:50.964+0000] {taskinstance.py:2214} INFO - Executing <Task(PythonOperator): ingest_taxi_data> on 2026-03-18 00:00:00+00:00
[2026-03-19T15:28:50.968+0000] {standard_task_runner.py:60} INFO - Started process 342 to run task
[2026-03-19T15:28:50.971+0000] {standard_task_runner.py:87} INFO - Running: ['***', 'tasks', 'run', 'nyc_taxi_pipeline', 'ingest_taxi_data', 'scheduled__2026-03-18T00:00:00+00:00', '--job-id', '45', '--raw', '--subdir', 'DAGS_FOLDER/nyc_taxi_pipeline.py', '--cfg-path', '/tmp/tmp6ke0hn9n']
[2026-03-19T15:28:50.973+0000] {standard_task_runner.py:88} INFO - Job 45: Subtask ingest_taxi_data
[2026-03-19T15:28:51.017+0000] {task_command.py:423} INFO - Running <TaskInstance: nyc_taxi_pipeline.ingest_taxi_data scheduled__2026-03-18T00:00:00+00:00 [running]> on host 6e440277664a
[2026-03-19T15:28:51.069+0000] {taskinstance.py:2510} INFO - Exporting env vars: AIRFLOW_CTX_DAG_OWNER='data_engineer' AIRFLOW_CTX_DAG_ID='nyc_taxi_pipeline' AIRFLOW_CTX_TASK_ID='ingest_taxi_data' AIRFLOW_CTX_EXECUTION_DATE='2026-03-18T00:00:00+00:00' AIRFLOW_CTX_TRY_NUMBER='3' AIRFLOW_CTX_DAG_RUN_ID='scheduled__2026-03-18T00:00:00+00:00'
[2026-03-19T15:28:51.070+0000] {nyc_taxi_pipeline.py:38} INFO - กำลังดาวน์โหลดข้อมูล (ครั้งที่ 1)...
[2026-03-19T15:28:51.543+0000] {python.py:202} INFO - Done. Returned value was: /tmp/nyc_taxi_raw.csv
[2026-03-19T15:28:51.557+0000] {taskinstance.py:1149} INFO - Marking task as SUCCESS. dag_id=nyc_taxi_pipeline, task_id=ingest_taxi_data, execution_date=20260318T000000, start_date=20260319T152850, end_date=20260319T152851
[2026-03-19T15:28:51.586+0000] {local_task_job_runner.py:234} INFO - Task exited with return code 0
[2026-03-19T15:28:51.602+0000] {taskinstance.py:3309} INFO - 1 downstream tasks scheduled from follow-on schedule check
