[2026-03-19T14:47:57.875+0000] {taskinstance.py:1979} INFO - Dependencies all met for dep_context=non-requeueable deps ti=<TaskInstance: nyc_taxi_pipeline.transform_taxi_data scheduled__2026-03-18T00:00:00+00:00 [queued]>
[2026-03-19T14:47:57.882+0000] {taskinstance.py:1979} INFO - Dependencies all met for dep_context=requeueable deps ti=<TaskInstance: nyc_taxi_pipeline.transform_taxi_data scheduled__2026-03-18T00:00:00+00:00 [queued]>
[2026-03-19T14:47:57.883+0000] {taskinstance.py:2193} INFO - Starting attempt 1 of 2
[2026-03-19T14:47:57.891+0000] {taskinstance.py:2214} INFO - Executing <Task(PythonOperator): transform_taxi_data> on 2026-03-18 00:00:00+00:00
[2026-03-19T14:47:57.895+0000] {standard_task_runner.py:60} INFO - Started process 803 to run task
[2026-03-19T14:47:57.897+0000] {standard_task_runner.py:87} INFO - Running: ['***', 'tasks', 'run', 'nyc_taxi_pipeline', 'transform_taxi_data', 'scheduled__2026-03-18T00:00:00+00:00', '--job-id', '15', '--raw', '--subdir', 'DAGS_FOLDER/nyc_taxi_pipeline.py', '--cfg-path', '/tmp/tmp6sqs5ij_']
[2026-03-19T14:47:57.899+0000] {standard_task_runner.py:88} INFO - Job 15: Subtask transform_taxi_data
[2026-03-19T14:47:57.935+0000] {task_command.py:423} INFO - Running <TaskInstance: nyc_taxi_pipeline.transform_taxi_data scheduled__2026-03-18T00:00:00+00:00 [running]> on host db190ac810d3
[2026-03-19T14:47:57.985+0000] {taskinstance.py:2510} INFO - Exporting env vars: AIRFLOW_CTX_DAG_OWNER='data_engineer' AIRFLOW_CTX_DAG_ID='nyc_taxi_pipeline' AIRFLOW_CTX_TASK_ID='transform_taxi_data' AIRFLOW_CTX_EXECUTION_DATE='2026-03-18T00:00:00+00:00' AIRFLOW_CTX_TRY_NUMBER='1' AIRFLOW_CTX_DAG_RUN_ID='scheduled__2026-03-18T00:00:00+00:00'
[2026-03-19T14:47:58.054+0000] {python.py:202} INFO - Done. Returned value was: None
[2026-03-19T14:47:58.059+0000] {taskinstance.py:1149} INFO - Marking task as SUCCESS. dag_id=nyc_taxi_pipeline, task_id=transform_taxi_data, execution_date=20260318T000000, start_date=20260319T144757, end_date=20260319T144758
[2026-03-19T14:47:58.109+0000] {local_task_job_runner.py:234} INFO - Task exited with return code 0
[2026-03-19T14:47:58.123+0000] {taskinstance.py:3309} INFO - 1 downstream tasks scheduled from follow-on schedule check
[2026-03-19T14:59:08.512+0000] {taskinstance.py:1979} INFO - Dependencies all met for dep_context=non-requeueable deps ti=<TaskInstance: nyc_taxi_pipeline.transform_taxi_data scheduled__2026-03-18T00:00:00+00:00 [queued]>
[2026-03-19T14:59:08.517+0000] {taskinstance.py:1979} INFO - Dependencies all met for dep_context=requeueable deps ti=<TaskInstance: nyc_taxi_pipeline.transform_taxi_data scheduled__2026-03-18T00:00:00+00:00 [queued]>
[2026-03-19T14:59:08.518+0000] {taskinstance.py:2193} INFO - Starting attempt 1 of 2
[2026-03-19T14:59:08.527+0000] {taskinstance.py:2214} INFO - Executing <Task(PythonOperator): transform_taxi_data> on 2026-03-18 00:00:00+00:00
[2026-03-19T14:59:08.531+0000] {standard_task_runner.py:60} INFO - Started process 189 to run task
[2026-03-19T14:59:08.534+0000] {standard_task_runner.py:87} INFO - Running: ['***', 'tasks', 'run', 'nyc_taxi_pipeline', 'transform_taxi_data', 'scheduled__2026-03-18T00:00:00+00:00', '--job-id', '34', '--raw', '--subdir', 'DAGS_FOLDER/nyc_taxi_pipeline.py', '--cfg-path', '/tmp/tmplzvv4t89']
[2026-03-19T14:59:08.535+0000] {standard_task_runner.py:88} INFO - Job 34: Subtask transform_taxi_data
[2026-03-19T14:59:08.571+0000] {task_command.py:423} INFO - Running <TaskInstance: nyc_taxi_pipeline.transform_taxi_data scheduled__2026-03-18T00:00:00+00:00 [running]> on host ec978ee3c484
[2026-03-19T14:59:08.618+0000] {taskinstance.py:2510} INFO - Exporting env vars: AIRFLOW_CTX_DAG_OWNER='data_engineer' AIRFLOW_CTX_DAG_ID='nyc_taxi_pipeline' AIRFLOW_CTX_TASK_ID='transform_taxi_data' AIRFLOW_CTX_EXECUTION_DATE='2026-03-18T00:00:00+00:00' AIRFLOW_CTX_TRY_NUMBER='1' AIRFLOW_CTX_DAG_RUN_ID='scheduled__2026-03-18T00:00:00+00:00'
[2026-03-19T14:59:08.697+0000] {python.py:202} INFO - Done. Returned value was: None
[2026-03-19T14:59:08.704+0000] {taskinstance.py:1149} INFO - Marking task as SUCCESS. dag_id=nyc_taxi_pipeline, task_id=transform_taxi_data, execution_date=20260318T000000, start_date=20260319T145908, end_date=20260319T145908
[2026-03-19T14:59:08.746+0000] {local_task_job_runner.py:234} INFO - Task exited with return code 0
[2026-03-19T14:59:08.764+0000] {taskinstance.py:3309} INFO - 1 downstream tasks scheduled from follow-on schedule check
