[2026-03-19T14:47:56.801+0000] {taskinstance.py:1979} INFO - Dependencies all met for dep_context=non-requeueable deps ti=<TaskInstance: nyc_taxi_pipeline.clean_taxi_data scheduled__2026-03-18T00:00:00+00:00 [queued]>
[2026-03-19T14:47:56.807+0000] {taskinstance.py:1979} INFO - Dependencies all met for dep_context=requeueable deps ti=<TaskInstance: nyc_taxi_pipeline.clean_taxi_data scheduled__2026-03-18T00:00:00+00:00 [queued]>
[2026-03-19T14:47:56.807+0000] {taskinstance.py:2193} INFO - Starting attempt 1 of 2
[2026-03-19T14:47:56.817+0000] {taskinstance.py:2214} INFO - Executing <Task(PythonOperator): clean_taxi_data> on 2026-03-18 00:00:00+00:00
[2026-03-19T14:47:56.820+0000] {standard_task_runner.py:60} INFO - Started process 797 to run task
[2026-03-19T14:47:56.823+0000] {standard_task_runner.py:87} INFO - Running: ['***', 'tasks', 'run', 'nyc_taxi_pipeline', 'clean_taxi_data', 'scheduled__2026-03-18T00:00:00+00:00', '--job-id', '14', '--raw', '--subdir', 'DAGS_FOLDER/nyc_taxi_pipeline.py', '--cfg-path', '/tmp/tmp6kwyux4d']
[2026-03-19T14:47:56.824+0000] {standard_task_runner.py:88} INFO - Job 14: Subtask clean_taxi_data
[2026-03-19T14:47:56.860+0000] {task_command.py:423} INFO - Running <TaskInstance: nyc_taxi_pipeline.clean_taxi_data scheduled__2026-03-18T00:00:00+00:00 [running]> on host db190ac810d3
[2026-03-19T14:47:56.904+0000] {taskinstance.py:2510} INFO - Exporting env vars: AIRFLOW_CTX_DAG_OWNER='data_engineer' AIRFLOW_CTX_DAG_ID='nyc_taxi_pipeline' AIRFLOW_CTX_TASK_ID='clean_taxi_data' AIRFLOW_CTX_EXECUTION_DATE='2026-03-18T00:00:00+00:00' AIRFLOW_CTX_TRY_NUMBER='1' AIRFLOW_CTX_DAG_RUN_ID='scheduled__2026-03-18T00:00:00+00:00'
[2026-03-19T14:47:56.972+0000] {python.py:202} INFO - Done. Returned value was: None
[2026-03-19T14:47:56.978+0000] {taskinstance.py:1149} INFO - Marking task as SUCCESS. dag_id=nyc_taxi_pipeline, task_id=clean_taxi_data, execution_date=20260318T000000, start_date=20260319T144756, end_date=20260319T144756
[2026-03-19T14:47:56.995+0000] {local_task_job_runner.py:234} INFO - Task exited with return code 0
[2026-03-19T14:47:57.015+0000] {taskinstance.py:3309} INFO - 1 downstream tasks scheduled from follow-on schedule check
[2026-03-19T14:59:07.703+0000] {taskinstance.py:1979} INFO - Dependencies all met for dep_context=non-requeueable deps ti=<TaskInstance: nyc_taxi_pipeline.clean_taxi_data scheduled__2026-03-18T00:00:00+00:00 [queued]>
[2026-03-19T14:59:07.710+0000] {taskinstance.py:1979} INFO - Dependencies all met for dep_context=requeueable deps ti=<TaskInstance: nyc_taxi_pipeline.clean_taxi_data scheduled__2026-03-18T00:00:00+00:00 [queued]>
[2026-03-19T14:59:07.711+0000] {taskinstance.py:2193} INFO - Starting attempt 1 of 2
[2026-03-19T14:59:07.730+0000] {taskinstance.py:2214} INFO - Executing <Task(PythonOperator): clean_taxi_data> on 2026-03-18 00:00:00+00:00
[2026-03-19T14:59:07.736+0000] {standard_task_runner.py:60} INFO - Started process 186 to run task
[2026-03-19T14:59:07.738+0000] {standard_task_runner.py:87} INFO - Running: ['***', 'tasks', 'run', 'nyc_taxi_pipeline', 'clean_taxi_data', 'scheduled__2026-03-18T00:00:00+00:00', '--job-id', '33', '--raw', '--subdir', 'DAGS_FOLDER/nyc_taxi_pipeline.py', '--cfg-path', '/tmp/tmpnduc4yye']
[2026-03-19T14:59:07.740+0000] {standard_task_runner.py:88} INFO - Job 33: Subtask clean_taxi_data
[2026-03-19T14:59:07.809+0000] {task_command.py:423} INFO - Running <TaskInstance: nyc_taxi_pipeline.clean_taxi_data scheduled__2026-03-18T00:00:00+00:00 [running]> on host ec978ee3c484
[2026-03-19T14:59:07.864+0000] {taskinstance.py:2510} INFO - Exporting env vars: AIRFLOW_CTX_DAG_OWNER='data_engineer' AIRFLOW_CTX_DAG_ID='nyc_taxi_pipeline' AIRFLOW_CTX_TASK_ID='clean_taxi_data' AIRFLOW_CTX_EXECUTION_DATE='2026-03-18T00:00:00+00:00' AIRFLOW_CTX_TRY_NUMBER='1' AIRFLOW_CTX_DAG_RUN_ID='scheduled__2026-03-18T00:00:00+00:00'
[2026-03-19T14:59:07.937+0000] {python.py:202} INFO - Done. Returned value was: None
[2026-03-19T14:59:07.943+0000] {taskinstance.py:1149} INFO - Marking task as SUCCESS. dag_id=nyc_taxi_pipeline, task_id=clean_taxi_data, execution_date=20260318T000000, start_date=20260319T145907, end_date=20260319T145907
[2026-03-19T14:59:07.992+0000] {local_task_job_runner.py:234} INFO - Task exited with return code 0
[2026-03-19T14:59:08.009+0000] {taskinstance.py:3309} INFO - 1 downstream tasks scheduled from follow-on schedule check
